Arguments: 
  /usr/local/bin/node /usr/local/bin/yarn

PATH: 
  /usr/local/bin:/usr/bin:/bin:/usr/local/games:/usr/games:/sbin:/usr/sbin

Yarn version: 
  1.13.0

Node version: 
  11.6.0

Platform: 
  linux x64

Trace: 
  SyntaxError: /media/sss/Soft/SOFT/frontend/v-parts/package.json: Unexpected token } in JSON at position 1497
      at JSON.parse (<anonymous>)
      at /usr/local/lib/node_modules/yarn/lib/cli.js:1625:59
      at Generator.next (<anonymous>)
      at step (/usr/local/lib/node_modules/yarn/lib/cli.js:304:30)
      at /usr/local/lib/node_modules/yarn/lib/cli.js:315:13

npm manifest: 
  {
    "name": "v-parts",
    "version": "0.0.6",
    "description": "a parts library",
    "main": "dist/index.js",
    "scripts": {
      "start1": "npx parcel index.html --no-cache",
      "dev-test": "parcel index.html watch test/* --no-cache & karma start",
      "test": "parcel build index.html test/* --no-minify && karma start --single-run",
      "docs:dev": "vuepress dev docs",
      "docs:build": "vuepress build docs",
      "start": "vue-cli-service serve",
      "serve": "vue-cli-service serve"
    },
    "repository": {
      "type": "git",
      "url": "git+https://github.com/LarryKameZhao/v-parts.git"
    },
    "author": "SSS",
    "license": "MIT",
    "bugs": {
      "url": "https://github.com/LarryKameZhao/v-parts/issues"
    },
    "homepage": "https://github.com/LarryKameZhao/v-parts#readme",
    "dependencies": {
      "vue": "^2.5.17"
    },
    "devDependencies": {
      "@vue/cli-plugin-babel": "^3.0.0",
      "@vue/cli-plugin-unit-mocha": "^3.0.0",
      "@vue/cli-service": "^3.0.0",
      "@vue/test-utils": "^1.0.0-beta.24",
      "babel-plugin-istanbul": "^5.1.0",
      "chai": "^4.1.2",
      "cross-env": "^5.2.0",
      "karma": "^3.0.0",
      "karma-chrome-launcher": "^2.2.0",
      "karma-coverage": "^1.1.2",
      "karma-mocha": "^1.3.0",
      "karma-sourcemap-loader": "^0.3.7",
      "karma-spec-reporter": "^0.0.32",
      "karma-webpack": "^3.0.0",
      "mocha": "^5.2.0",
      "node-sass": "^4.9.0",
      "sass-loader": "^7.0.1",
      "sinon": "^6.1.5",
      "sinon-chai": "^3.2.0",
      "vue-template-compiler": "^2.5.17",
    },
    "postcss": {
      "plugins": {
        "autoprefixer": {}
      }
    },
    "browserslist": [
      "> 1%",
      "last 2 versions",
      "not ie <= 8"
    ]
  }

yarn manifest: 
  No manifest

Lockfile: 
  No lockfile
